<?xml version="1.0" encoding="UTF-8"?>
<!-- Generated by org.testng.reporters.JUnitReportReporter -->
<testsuite hostname="DESKTOP-N995C3G" failures="0" tests="1" name="testCasesSwiggy.HomeTestCaseSwiggy" time="13.436" errors="0" timestamp="2023-05-15T08:50:16 IST" skipped="0">
  <testcase classname="testCasesSwiggy.HomeTestCaseSwiggy" name="validateSignInPresent" time="13.436"/>
  <system-out/>
</testsuite> <!-- testCasesSwiggy.HomeTestCaseSwiggy -->
