<?xml version="1.0" encoding="UTF-8"?>
<!-- Generated by org.testng.reporters.JUnitReportReporter -->
<testsuite hostname="DESKTOP-N995C3G" failures="0" tests="1" name="testCasesSwiggy.HomeTestCaseSwiggy" time="30.964" errors="0" timestamp="2023-05-14T23:47:43 IST" skipped="0">
  <testcase classname="testCasesSwiggy.HomeTestCaseSwiggy" name="validateSignInPresent" time="30.964"/>
  <system-out/>
</testsuite> <!-- testCasesSwiggy.HomeTestCaseSwiggy -->
