<?xml version="1.0" encoding="UTF-8"?>
<!-- Generated by org.testng.reporters.JUnitReportReporter -->
<testsuite skipped="0" hostname="DESKTOP-N995C3G" name="testCasesSwiggy.HomeTestCaseSwiggy" tests="2" failures="0" timestamp="2023-05-15T00:06:53 IST" time="20.026" errors="0">
  <testcase name="validateSignInButton" time="11.580" classname="testCasesSwiggy.HomeTestCaseSwiggy"/>
  <system-out/>
  <testcase name="validateSignInPresent" time="8.446" classname="testCasesSwiggy.HomeTestCaseSwiggy"/>
  <system-out/>
</testsuite> <!-- testCasesSwiggy.HomeTestCaseSwiggy -->
